# JRE version: OpenJDK Runtime Environment Temurin-21.0.7+6 (21.0.7+6) (build 21.0.7+6-LTS)
# Java VM: OpenJDK 64-Bit Server VM Temurin-21.0.7+6 (21.0.7+6-LTS, mixed mode, sharing, tiered, compressed oops, compressed class ptrs, parallel gc, windows-amd64)
GC Precious Log:
 CardTable entry size: 512
 CPUs: 16 total, 16 available
 Memory: 16006M
 Large Page Support: Disabled
 NUMA Support: Disabled
 Compressed Oops: Enabled (32-bit)
 Alignments: Space 512K, Generation 512K, Heap 2M
 Heap Min Capacity: 100M
 Heap Initial Capacity: 100M
 Heap Max Capacity: 2G
 Pre-touch: Disabled
 Parallel Workers: 13
Heap:
 PSYoungGen      total 5632K, used 2148K [0x00000000d5580000, 0x00000000d5c00000, 0x0000000100000000)
  eden space 4608K, 35% used [0x00000000d5580000,0x00000000d5719120,0x00000000d5a00000)
  from space 1024K, 50% used [0x00000000d5b00000,0x00000000d5b80000,0x00000000d5c00000)
  to   space 1024K, 0% used [0x00000000d5a00000,0x00000000d5a00000,0x00000000d5b00000)
 ParOldGen       total 527872K, used 527793K [0x0000000080000000, 0x00000000a0380000, 0x00000000d5580000)
  object space 527872K, 99% used [0x0000000080000000,0x00000000a036c540,0x00000000a0380000)
 Metaspace       used 57147K, committed 58560K, reserved 1114112K
  class space    used 5886K, committed 6528K, reserved 1048576K
GC Heap History (20 events):
Event: 50.354 GC heap after
{Heap after GC invocations=612 (full 2):
 PSYoungGen      total 4608K, used 640K [0x00000000d5580000, 0x00000000d5b00000, 0x0000000100000000)
  eden space 3584K, 0% used [0x00000000d5580000,0x00000000d5580000,0x00000000d5900000)
  from space 1024K, 62% used [0x00000000d5a00000,0x00000000d5aa0000,0x00000000d5b00000)
  to   space 1024K, 0% used [0x00000000d5900000,0x00000000d5900000,0x00000000d5a00000)
 ParOldGen       total 523776K, used 523748K [0x0000000080000000, 0x000000009ff80000, 0x00000000d5580000)
  object space 523776K, 99% used [0x0000000080000000,0x000000009ff791a0,0x000000009ff80000)
 Metaspace       used 56579K, committed 57920K, reserved 1114112K
  class space    used 5809K, committed 6400K, reserved 1048576K
}
Event: 50.375 GC heap before
{Heap before GC invocations=613 (full 2):
 PSYoungGen      total 4608K, used 4224K [0x00000000d5580000, 0x00000000d5b00000, 0x0000000100000000)
  eden space 3584K, 100% used [0x00000000d5580000,0x00000000d5900000,0x00000000d5900000)
  from space 1024K, 62% used [0x00000000d5a00000,0x00000000d5aa0000,0x00000000d5b00000)
  to   space 1024K, 0% used [0x00000000d5900000,0x00000000d5900000,0x00000000d5a00000)
 ParOldGen       total 523776K, used 523748K [0x0000000080000000, 0x000000009ff80000, 0x00000000d5580000)
  object space 523776K, 99% used [0x0000000080000000,0x000000009ff791a0,0x000000009ff80000)
 Metaspace       used 56613K, committed 57920K, reserved 1114112K
  class space    used 5814K, committed 6400K, reserved 1048576K
}
Event: 50.378 GC heap after
{Heap after GC invocations=613 (full 2):
 PSYoungGen      total 4608K, used 512K [0x00000000d5580000, 0x00000000d5b00000, 0x0000000100000000)
  eden space 3584K, 0% used [0x00000000d5580000,0x00000000d5580000,0x00000000d5900000)
  from space 1024K, 50% used [0x00000000d5900000,0x00000000d5980000,0x00000000d5a00000)
  to   space 1024K, 0% used [0x00000000d5a00000,0x00000000d5a00000,0x00000000d5b00000)
 ParOldGen       total 524288K, used 524076K [0x0000000080000000, 0x00000000a0000000, 0x00000000d5580000)
  object space 524288K, 99% used [0x0000000080000000,0x000000009ffcb1a0,0x00000000a0000000)
 Metaspace       used 56613K, committed 57920K, reserved 1114112K
  class space    used 5814K, committed 6400K, reserved 1048576K
}
Event: 50.415 GC heap before
{Heap before GC invocations=614 (full 2):
 PSYoungGen      total 4608K, used 4096K [0x00000000d5580000, 0x00000000d5b00000, 0x0000000100000000)
  eden space 3584K, 100% used [0x00000000d5580000,0x00000000d5900000,0x00000000d5900000)
  from space 1024K, 50% used [0x00000000d5900000,0x00000000d5980000,0x00000000d5a00000)
  to   space 1024K, 0% used [0x00000000d5a00000,0x00000000d5a00000,0x00000000d5b00000)
 ParOldGen       total 524288K, used 524076K [0x0000000080000000, 0x00000000a0000000, 0x00000000d5580000)
  object space 524288K, 99% used [0x0000000080000000,0x000000009ffcb1a0,0x00000000a0000000)
 Metaspace       used 56665K, committed 58048K, reserved 1114112K
  class space    used 5819K, committed 6464K, reserved 1048576K
}
Event: 50.418 GC heap after
{Heap after GC invocations=614 (full 2):
 PSYoungGen      total 4608K, used 908K [0x00000000d5580000, 0x00000000d5b00000, 0x0000000100000000)
  eden space 3584K, 0% used [0x00000000d5580000,0x00000000d5580000,0x00000000d5900000)
  from space 1024K, 88% used [0x00000000d5a00000,0x00000000d5ae3028,0x00000000d5b00000)
  to   space 1024K, 0% used [0x00000000d5900000,0x00000000d5900000,0x00000000d5a00000)
 ParOldGen       total 524800K, used 524396K [0x0000000080000000, 0x00000000a0080000, 0x00000000d5580000)
  object space 524800K, 99% used [0x0000000080000000,0x00000000a001b1a0,0x00000000a0080000)
 Metaspace       used 56665K, committed 58048K, reserved 1114112K
  class space    used 5819K, committed 6464K, reserved 1048576K
}
Event: 50.453 GC heap before
{Heap before GC invocations=615 (full 2):
 PSYoungGen      total 4608K, used 4492K [0x00000000d5580000, 0x00000000d5b00000, 0x0000000100000000)
  eden space 3584K, 100% used [0x00000000d5580000,0x00000000d5900000,0x00000000d5900000)
  from space 1024K, 88% used [0x00000000d5a00000,0x00000000d5ae3028,0x00000000d5b00000)
  to   space 1024K, 0% used [0x00000000d5900000,0x00000000d5900000,0x00000000d5a00000)
 ParOldGen       total 524800K, used 524396K [0x0000000080000000, 0x00000000a0080000, 0x00000000d5580000)
  object space 524800K, 99% used [0x0000000080000000,0x00000000a001b1a0,0x00000000a0080000)
 Metaspace       used 56714K, committed 58112K, reserved 1114112K
  class space    used 5825K, committed 6464K, reserved 1048576K
}
Event: 50.457 GC heap after
{Heap after GC invocations=615 (full 2):
 PSYoungGen      total 4608K, used 512K [0x00000000d5580000, 0x00000000d5b00000, 0x0000000100000000)
  eden space 3584K, 0% used [0x00000000d5580000,0x00000000d5580000,0x00000000d5900000)
  from space 1024K, 50% used [0x00000000d5900000,0x00000000d5980000,0x00000000d5a00000)
  to   space 1024K, 0% used [0x00000000d5a00000,0x00000000d5a00000,0x00000000d5b00000)
 ParOldGen       total 525312K, used 525023K [0x0000000080000000, 0x00000000a0100000, 0x00000000d5580000)
  object space 525312K, 99% used [0x0000000080000000,0x00000000a00b7cd0,0x00000000a0100000)
 Metaspace       used 56714K, committed 58112K, reserved 1114112K
  class space    used 5825K, committed 6464K, reserved 1048576K
}
Event: 50.495 GC heap before
{Heap before GC invocations=616 (full 2):
 PSYoungGen      total 4608K, used 4096K [0x00000000d5580000, 0x00000000d5b00000, 0x0000000100000000)
  eden space 3584K, 100% used [0x00000000d5580000,0x00000000d5900000,0x00000000d5900000)
  from space 1024K, 50% used [0x00000000d5900000,0x00000000d5980000,0x00000000d5a00000)
  to   space 1024K, 0% used [0x00000000d5a00000,0x00000000d5a00000,0x00000000d5b00000)
 ParOldGen       total 525312K, used 525023K [0x0000000080000000, 0x00000000a0100000, 0x00000000d5580000)
  object space 525312K, 99% used [0x0000000080000000,0x00000000a00b7cd0,0x00000000a0100000)
 Metaspace       used 56820K, committed 58176K, reserved 1114112K
  class space    used 5836K, committed 6464K, reserved 1048576K
}
Event: 50.498 GC heap after
{Heap after GC invocations=616 (full 2):
 PSYoungGen      total 4608K, used 544K [0x00000000d5580000, 0x00000000d5b00000, 0x0000000100000000)
  eden space 3584K, 0% used [0x00000000d5580000,0x00000000d5580000,0x00000000d5900000)
  from space 1024K, 53% used [0x00000000d5a00000,0x00000000d5a88000,0x00000000d5b00000)
  to   space 1024K, 0% used [0x00000000d5900000,0x00000000d5900000,0x00000000d5a00000)
 ParOldGen       total 525824K, used 525399K [0x0000000080000000, 0x00000000a0180000, 0x00000000d5580000)
  object space 525824K, 99% used [0x0000000080000000,0x00000000a0115cd0,0x00000000a0180000)
 Metaspace       used 56820K, committed 58176K, reserved 1114112K
  class space    used 5836K, committed 6464K, reserved 1048576K
}
Event: 50.519 GC heap before
{Heap before GC invocations=617 (full 2):
 PSYoungGen      total 4608K, used 4124K [0x00000000d5580000, 0x00000000d5b00000, 0x0000000100000000)
  eden space 3584K, 99% used [0x00000000d5580000,0x00000000d58ff3c8,0x00000000d5900000)
  from space 1024K, 53% used [0x00000000d5a00000,0x00000000d5a88000,0x00000000d5b00000)
  to   space 1024K, 0% used [0x00000000d5900000,0x00000000d5900000,0x00000000d5a00000)
 ParOldGen       total 525824K, used 525399K [0x0000000080000000, 0x00000000a0180000, 0x00000000d5580000)
  object space 525824K, 99% used [0x0000000080000000,0x00000000a0115cd0,0x00000000a0180000)
 Metaspace       used 56941K, committed 58304K, reserved 1114112K
  class space    used 5848K, committed 6464K, reserved 1048576K
}
Event: 50.522 GC heap after
{Heap after GC invocations=617 (full 2):
 PSYoungGen      total 4608K, used 544K [0x00000000d5580000, 0x00000000d5b00000, 0x0000000100000000)
  eden space 3584K, 0% used [0x00000000d5580000,0x00000000d5580000,0x00000000d5900000)
  from space 1024K, 53% used [0x00000000d5900000,0x00000000d5988000,0x00000000d5a00000)
  to   space 1024K, 0% used [0x00000000d5a00000,0x00000000d5a00000,0x00000000d5b00000)
 ParOldGen       total 525824K, used 525807K [0x0000000080000000, 0x00000000a0180000, 0x00000000d5580000)
  object space 525824K, 99% used [0x0000000080000000,0x00000000a017bcd0,0x00000000a0180000)
 Metaspace       used 56941K, committed 58304K, reserved 1114112K
  class space    used 5848K, committed 6464K, reserved 1048576K
}
Event: 51.557 GC heap before
{Heap before GC invocations=618 (full 2):
 PSYoungGen      total 4608K, used 4128K [0x00000000d5580000, 0x00000000d5b00000, 0x0000000100000000)
  eden space 3584K, 100% used [0x00000000d5580000,0x00000000d5900000,0x00000000d5900000)
  from space 1024K, 53% used [0x00000000d5900000,0x00000000d5988000,0x00000000d5a00000)
  to   space 1024K, 0% used [0x00000000d5a00000,0x00000000d5a00000,0x00000000d5b00000)
 ParOldGen       total 525824K, used 525807K [0x0000000080000000, 0x00000000a0180000, 0x00000000d5580000)
  object space 525824K, 99% used [0x0000000080000000,0x00000000a017bcd0,0x00000000a0180000)
 Metaspace       used 56970K, committed 58304K, reserved 1114112K
  class space    used 5858K, committed 6464K, reserved 1048576K
}
Event: 51.562 GC heap after
{Heap after GC invocations=618 (full 2):
 PSYoungGen      total 4608K, used 640K [0x00000000d5580000, 0x00000000d5b00000, 0x0000000100000000)
  eden space 3584K, 0% used [0x00000000d5580000,0x00000000d5580000,0x00000000d5900000)
  from space 1024K, 62% used [0x00000000d5a00000,0x00000000d5aa0000,0x00000000d5b00000)
  to   space 1024K, 0% used [0x00000000d5900000,0x00000000d5900000,0x00000000d5a00000)
 ParOldGen       total 526336K, used 526167K [0x0000000080000000, 0x00000000a0200000, 0x00000000d5580000)
  object space 526336K, 99% used [0x0000000080000000,0x00000000a01d5cd0,0x00000000a0200000)
 Metaspace       used 56970K, committed 58304K, reserved 1114112K
  class space    used 5858K, committed 6464K, reserved 1048576K
}
Event: 51.620 GC heap before
{Heap before GC invocations=619 (full 2):
 PSYoungGen      total 4608K, used 4217K [0x00000000d5580000, 0x00000000d5b00000, 0x0000000100000000)
  eden space 3584K, 99% used [0x00000000d5580000,0x00000000d58fe5e0,0x00000000d5900000)
  from space 1024K, 62% used [0x00000000d5a00000,0x00000000d5aa0000,0x00000000d5b00000)
  to   space 1024K, 0% used [0x00000000d5900000,0x00000000d5900000,0x00000000d5a00000)
 ParOldGen       total 526336K, used 526167K [0x0000000080000000, 0x00000000a0200000, 0x00000000d5580000)
  object space 526336K, 99% used [0x0000000080000000,0x00000000a01d5cd0,0x00000000a0200000)
 Metaspace       used 57074K, committed 58496K, reserved 1114112K
  class space    used 5880K, committed 6528K, reserved 1048576K
}
Event: 51.623 GC heap after
{Heap after GC invocations=619 (full 2):
 PSYoungGen      total 4608K, used 760K [0x00000000d5580000, 0x00000000d5b00000, 0x0000000100000000)
  eden space 3584K, 0% used [0x00000000d5580000,0x00000000d5580000,0x00000000d5900000)
  from space 1024K, 74% used [0x00000000d5900000,0x00000000d59be140,0x00000000d5a00000)
  to   space 1024K, 0% used [0x00000000d5a00000,0x00000000d5a00000,0x00000000d5b00000)
 ParOldGen       total 526848K, used 526567K [0x0000000080000000, 0x00000000a0280000, 0x00000000d5580000)
  object space 526848K, 99% used [0x0000000080000000,0x00000000a0239cd0,0x00000000a0280000)
 Metaspace       used 57074K, committed 58496K, reserved 1114112K
  class space    used 5880K, committed 6528K, reserved 1048576K
}
Event: 51.643 GC heap before
{Heap before GC invocations=620 (full 2):
 PSYoungGen      total 4608K, used 4344K [0x00000000d5580000, 0x00000000d5b00000, 0x0000000100000000)
  eden space 3584K, 100% used [0x00000000d5580000,0x00000000d5900000,0x00000000d5900000)
  from space 1024K, 74% used [0x00000000d5900000,0x00000000d59be140,0x00000000d5a00000)
  to   space 1024K, 0% used [0x00000000d5a00000,0x00000000d5a00000,0x00000000d5b00000)
 ParOldGen       total 526848K, used 526567K [0x0000000080000000, 0x00000000a0280000, 0x00000000d5580000)
  object space 526848K, 99% used [0x0000000080000000,0x00000000a0239cd0,0x00000000a0280000)
 Metaspace       used 57124K, committed 58560K, reserved 1114112K
  class space    used 5882K, committed 6528K, reserved 1048576K
}
Event: 52.647 GC heap after
{Heap after GC invocations=620 (full 2):
 PSYoungGen      total 4608K, used 640K [0x00000000d5580000, 0x00000000d5c00000, 0x0000000100000000)
  eden space 3584K, 0% used [0x00000000d5580000,0x00000000d5580000,0x00000000d5900000)
  from space 1024K, 62% used [0x00000000d5a00000,0x00000000d5aa0000,0x00000000d5b00000)
  to   space 1024K, 0% used [0x00000000d5900000,0x00000000d5900000,0x00000000d5a00000)
 ParOldGen       total 527360K, used 526983K [0x0000000080000000, 0x00000000a0300000, 0x00000000d5580000)
  object space 527360K, 99% used [0x0000000080000000,0x00000000a02a1cd0,0x00000000a0300000)
 Metaspace       used 57124K, committed 58560K, reserved 1114112K
  class space    used 5882K, committed 6528K, reserved 1048576K
}
Event: 52.913 GC heap before
{Heap before GC invocations=621 (full 2):
 PSYoungGen      total 4608K, used 4224K [0x00000000d5580000, 0x00000000d5c00000, 0x0000000100000000)
  eden space 3584K, 100% used [0x00000000d5580000,0x00000000d5900000,0x00000000d5900000)
  from space 1024K, 62% used [0x00000000d5a00000,0x00000000d5aa0000,0x00000000d5b00000)
  to   space 1024K, 0% used [0x00000000d5900000,0x00000000d5900000,0x00000000d5a00000)
 ParOldGen       total 527360K, used 526983K [0x0000000080000000, 0x00000000a0300000, 0x00000000d5580000)
  object space 527360K, 99% used [0x0000000080000000,0x00000000a02a1cd0,0x00000000a0300000)
 Metaspace       used 57138K, committed 58560K, reserved 1114112K
  class space    used 5884K, committed 6528K, reserved 1048576K
}
Event: 52.915 GC heap after
{Heap after GC invocations=621 (full 2):
 PSYoungGen      total 4608K, used 544K [0x00000000d5580000, 0x00000000d5c00000, 0x0000000100000000)
  eden space 3584K, 0% used [0x00000000d5580000,0x00000000d5580000,0x00000000d5900000)
  from space 1024K, 53% used [0x00000000d5900000,0x00000000d5988000,0x00000000d5a00000)
  to   space 1024K, 0% used [0x00000000d5b00000,0x00000000d5b00000,0x00000000d5c00000)
 ParOldGen       total 527360K, used 527359K [0x0000000080000000, 0x00000000a0300000, 0x00000000d5580000)
  object space 527360K, 99% used [0x0000000080000000,0x00000000a02ffcd0,0x00000000a0300000)
 Metaspace       used 57138K, committed 58560K, reserved 1114112K
  class space    used 5884K, committed 6528K, reserved 1048576K
}
Event: 52.925 GC heap before
{Heap before GC invocations=622 (full 2):
 PSYoungGen      total 4608K, used 4128K [0x00000000d5580000, 0x00000000d5c00000, 0x0000000100000000)
  eden space 3584K, 100% used [0x00000000d5580000,0x00000000d5900000,0x00000000d5900000)
  from space 1024K, 53% used [0x00000000d5900000,0x00000000d5988000,0x00000000d5a00000)
  to   space 1024K, 0% used [0x00000000d5b00000,0x00000000d5b00000,0x00000000d5c00000)
 ParOldGen       total 527360K, used 527359K [0x0000000080000000, 0x00000000a0300000, 0x00000000d5580000)
  object space 527360K, 99% used [0x0000000080000000,0x00000000a02ffcd0,0x00000000a0300000)
 Metaspace       used 57138K, committed 58560K, reserved 1114112K
  class space    used 5884K, committed 6528K, reserved 1048576K
}

